1614011207789	geckodriver	INFO	Listening on 127.0.0.1:41203
1614011207791	mozrunner::runner	INFO	Running command: "/usr/bin/firefox" "--marionette" "-foreground" "-no-remote" "-profile" "/tmp/rust_mozprofilesGA6rM"
console.warn: SearchSettings: "get: No settings file exists, new profile?" (new Error("", "(unknown module)"))
1614011214846	Marionette	INFO	Listening on port 33051
1614011215153	Marionette	WARN	TLS certificate errors will be ignored for this session
1614011215159	Marionette	ERROR	[15] No reply from Marionette:Register
console.warn: SearchSettings: "get: No settings file exists, new profile?" (new Error("", "(unknown module)"))
JavaScript error: resource://gre/actors/AutoCompleteChild.jsm, line 125: Error: Invalid autocomplete selectedIndex
1614011353969	Marionette	INFO	Stopped listening on port 33051
JavaScript error: resource://activity-stream/lib/ASRouter.jsm, line 987: NS_ERROR_ILLEGAL_VALUE: Component returned failure code: 0x80070057 (NS_ERROR_ILLEGAL_VALUE) [nsIObserverService.removeObserver]

###!!! [Parent][RunMessage] Error: Channel closing: too late to send/recv, messages will be lost

1614011402164	geckodriver	INFO	Listening on 127.0.0.1:38755
1614011402166	mozrunner::runner	INFO	Running command: "/usr/bin/firefox" "--marionette" "-foreground" "-no-remote" "-profile" "/tmp/rust_mozprofileQSkxuj"
console.warn: SearchSettings: "get: No settings file exists, new profile?" (new Error("", "(unknown module)"))
1614011407216	Marionette	INFO	Listening on port 34953
1614011407285	Marionette	WARN	TLS certificate errors will be ignored for this session
1614011407296	Marionette	ERROR	[15] No reply from Marionette:Register
console.warn: SearchSettings: "get: No settings file exists, new profile?" (new Error("", "(unknown module)"))
console.log: WebExtensions: reset-default-search: No addons in our list are installed.
1614012227675	Marionette	INFO	Stopped listening on port 34953
JavaScript error: resource://activity-stream/lib/ASRouter.jsm, line 987: NS_ERROR_ILLEGAL_VALUE: Component returned failure code: 0x80070057 (NS_ERROR_ILLEGAL_VALUE) [nsIObserverService.removeObserver]

###!!! [Parent][RunMessage] Error: Channel closing: too late to send/recv, messages will be lost

1614013654526	geckodriver	INFO	Listening on 127.0.0.1:43341
1614013654528	mozrunner::runner	INFO	Running command: "/usr/bin/firefox" "--marionette" "-foreground" "-no-remote" "-profile" "/tmp/rust_mozprofileh6UKhQ"
console.warn: SearchSettings: "get: No settings file exists, new profile?" (new Error("", "(unknown module)"))
1614013659792	Marionette	INFO	Listening on port 33351
1614013659847	Marionette	WARN	TLS certificate errors will be ignored for this session
1614013659854	Marionette	ERROR	[15] No reply from Marionette:Register
console.warn: SearchSettings: "get: No settings file exists, new profile?" (new Error("", "(unknown module)"))
1614014083255	geckodriver	INFO	Listening on 127.0.0.1:53819
1614014083258	mozrunner::runner	INFO	Running command: "/usr/bin/firefox" "--marionette" "-foreground" "-no-remote" "-profile" "/tmp/rust_mozprofileHSACGr"
console.warn: SearchSettings: "get: No settings file exists, new profile?" (new Error("", "(unknown module)"))
1614014088715	Marionette	INFO	Listening on port 39641
1614014088776	Marionette	WARN	TLS certificate errors will be ignored for this session
1614014088784	Marionette	ERROR	[15] No reply from Marionette:Register
console.warn: SearchSettings: "get: No settings file exists, new profile?" (new Error("", "(unknown module)"))
console.log: WebExtensions: reset-default-search: No addons in our list are installed.
JavaScript error: resource://gre/actors/PictureInPictureChild.jsm, line 569: TypeError: this.contentWindow is null
JavaScript error: resource://gre/actors/PictureInPictureChild.jsm, line 225: InvalidStateError: JSWindowActorChild.document getter: Cannot access property 'document' after actor 'PictureInPictureToggle' has been destroyed
1614017476304	Marionette	INFO	Stopped listening on port 39641
JavaScript error: resource://gre/actors/PictureInPictureChild.jsm, line 299: InvalidStateError: JSWindowActorChild.contentWindow getter: Cannot access property 'contentWindow' after actor 'PictureInPictureToggle' has been destroyed
JavaScript error: resource://gre/actors/PictureInPictureChild.jsm, line 299: InvalidStateError: JSWindowActorChild.contentWindow getter: Cannot access property 'contentWindow' after actor 'PictureInPictureToggle' has been destroyed
JavaScript error: resource://gre/actors/PictureInPictureChild.jsm, line 299: InvalidStateError: JSWindowActorChild.contentWindow getter: Cannot access property 'contentWindow' after actor 'PictureInPictureToggle' has been destroyed
JavaScript error: resource://activity-stream/lib/ASRouter.jsm, line 987: NS_ERROR_ILLEGAL_VALUE: Component returned failure code: 0x80070057 (NS_ERROR_ILLEGAL_VALUE) [nsIObserverService.removeObserver]

###!!! [Parent][RunMessage] Error: Channel closing: too late to send/recv, messages will be lost

1614022205563	geckodriver	INFO	Listening on 127.0.0.1:43235
1614022205566	mozrunner::runner	INFO	Running command: "/usr/bin/firefox" "--marionette" "-foreground" "-no-remote" "-profile" "/tmp/rust_mozprofile3WW5Fj"
console.warn: SearchSettings: "get: No settings file exists, new profile?" (new Error("", "(unknown module)"))
1614022211155	Marionette	INFO	Listening on port 38185
1614022211190	Marionette	WARN	TLS certificate errors will be ignored for this session
1614022211201	Marionette	ERROR	[15] No reply from Marionette:Register
console.warn: SearchSettings: "get: No settings file exists, new profile?" (new Error("", "(unknown module)"))
console.log: WebExtensions: reset-default-search: No addons in our list are installed.
1614030840293	Marionette	INFO	Stopped listening on port 38185
JavaScript error: resource://activity-stream/lib/ASRouter.jsm, line 987: NS_ERROR_ILLEGAL_VALUE: Component returned failure code: 0x80070057 (NS_ERROR_ILLEGAL_VALUE) [nsIObserverService.removeObserver]

###!!! [Parent][RunMessage] Error: Channel closing: too late to send/recv, messages will be lost

1614091639363	geckodriver	INFO	Listening on 127.0.0.1:53757
1614091640291	mozrunner::runner	INFO	Running command: "/usr/bin/firefox" "--marionette" "-foreground" "-no-remote" "-profile" "/tmp/rust_mozprofileBNTrq8"
console.warn: SearchSettings: "get: No settings file exists, new profile?" (new Error("", "(unknown module)"))
1614091651916	Marionette	INFO	Listening on port 39185
1614091652235	Marionette	WARN	TLS certificate errors will be ignored for this session
1614091652245	Marionette	ERROR	[15] No reply from Marionette:Register
console.warn: SearchSettings: "get: No settings file exists, new profile?" (new Error("", "(unknown module)"))
console.log: WebExtensions: reset-default-search: No addons in our list are installed.
1614116964285	Marionette	INFO	Stopped listening on port 39185
JavaScript error: resource://activity-stream/lib/ASRouter.jsm, line 987: NS_ERROR_ILLEGAL_VALUE: Component returned failure code: 0x80070057 (NS_ERROR_ILLEGAL_VALUE) [nsIObserverService.removeObserver]

###!!! [Parent][RunMessage] Error: Channel closing: too late to send/recv, messages will be lost

1614183036206	geckodriver	INFO	Listening on 127.0.0.1:37701
1614183037134	mozrunner::runner	INFO	Running command: "/usr/bin/firefox" "--marionette" "-foreground" "-no-remote" "-profile" "/tmp/rust_mozprofileZFDufT"
console.warn: SearchSettings: "get: No settings file exists, new profile?" (new Error("", "(unknown module)"))
1614183043833	Marionette	INFO	Listening on port 36481
1614183044251	Marionette	WARN	TLS certificate errors will be ignored for this session
1614183044257	Marionette	ERROR	[15] No reply from Marionette:Register
console.warn: SearchSettings: "get: No settings file exists, new profile?" (new Error("", "(unknown module)"))
console.log: WebExtensions: reset-default-search: No addons in our list are installed.
1614195265307	Marionette	INFO	Stopped listening on port 36481
JavaScript error: resource://activity-stream/lib/ASRouter.jsm, line 987: NS_ERROR_ILLEGAL_VALUE: Component returned failure code: 0x80070057 (NS_ERROR_ILLEGAL_VALUE) [nsIObserverService.removeObserver]

###!!! [Parent][RunMessage] Error: Channel closing: too late to send/recv, messages will be lost

1614195317333	geckodriver	INFO	Listening on 127.0.0.1:58589
1614195317335	mozrunner::runner	INFO	Running command: "/usr/bin/firefox" "--marionette" "-foreground" "-no-remote" "-profile" "/tmp/rust_mozprofileUhz1V5"
console.warn: SearchSettings: "get: No settings file exists, new profile?" (new Error("", "(unknown module)"))
1614195322368	Marionette	INFO	Listening on port 40723
1614195322452	Marionette	WARN	TLS certificate errors will be ignored for this session
1614195322459	Marionette	ERROR	[15] No reply from Marionette:Register
console.warn: SearchSettings: "get: No settings file exists, new profile?" (new Error("", "(unknown module)"))
JavaScript error: resource://activity-stream/lib/ASRouter.jsm, line 987: NS_ERROR_ILLEGAL_VALUE: Component returned failure code: 0x80070057 (NS_ERROR_ILLEGAL_VALUE) [nsIObserverService.removeObserver]
1614195372357	Marionette	INFO	Stopped listening on port 40723

###!!! [Parent][RunMessage] Error: Channel closing: too late to send/recv, messages will be lost

1614195445719	geckodriver	INFO	Listening on 127.0.0.1:45457
1614195445721	mozrunner::runner	INFO	Running command: "/usr/bin/firefox" "--marionette" "-foreground" "-no-remote" "-profile" "/tmp/rust_mozprofileUOAPno"
console.warn: SearchSettings: "get: No settings file exists, new profile?" (new Error("", "(unknown module)"))
1614195451294	Marionette	INFO	Listening on port 39399
1614195451340	Marionette	WARN	TLS certificate errors will be ignored for this session
1614195451347	Marionette	ERROR	[15] No reply from Marionette:Register
console.warn: SearchSettings: "get: No settings file exists, new profile?" (new Error("", "(unknown module)"))
JavaScript error: resource://activity-stream/lib/ASRouter.jsm, line 987: NS_ERROR_ILLEGAL_VALUE: Component returned failure code: 0x80070057 (NS_ERROR_ILLEGAL_VALUE) [nsIObserverService.removeObserver]
1614195672269	Marionette	INFO	Stopped listening on port 39399

###!!! [Parent][RunMessage] Error: Channel closing: too late to send/recv, messages will be lost

1614195720264	geckodriver	INFO	Listening on 127.0.0.1:46557
1614195720266	mozrunner::runner	INFO	Running command: "/usr/bin/firefox" "--marionette" "-foreground" "-no-remote" "-profile" "/tmp/rust_mozprofile4s9tlc"
console.warn: SearchSettings: "get: No settings file exists, new profile?" (new Error("", "(unknown module)"))
1614195725518	Marionette	INFO	Listening on port 42539
1614195725589	Marionette	WARN	TLS certificate errors will be ignored for this session
1614195725598	Marionette	ERROR	[15] No reply from Marionette:Register
console.warn: SearchSettings: "get: No settings file exists, new profile?" (new Error("", "(unknown module)"))
1614195973021	Marionette	INFO	Stopped listening on port 42539
JavaScript error: resource://activity-stream/lib/ASRouter.jsm, line 987: NS_ERROR_ILLEGAL_VALUE: Component returned failure code: 0x80070057 (NS_ERROR_ILLEGAL_VALUE) [nsIObserverService.removeObserver]
1614195986616	geckodriver	INFO	Listening on 127.0.0.1:57587
1614195986618	mozrunner::runner	INFO	Running command: "/usr/bin/firefox" "--marionette" "-foreground" "-no-remote" "-profile" "/tmp/rust_mozprofilework8c"
console.warn: SearchSettings: "get: No settings file exists, new profile?" (new Error("", "(unknown module)"))
1614195992059	Marionette	INFO	Listening on port 42479
1614195992138	Marionette	WARN	TLS certificate errors will be ignored for this session
1614195992146	Marionette	ERROR	[15] No reply from Marionette:Register
console.warn: SearchSettings: "get: No settings file exists, new profile?" (new Error("", "(unknown module)"))
1614196296593	geckodriver	INFO	Listening on 127.0.0.1:50391
1614196296596	mozrunner::runner	INFO	Running command: "/usr/bin/firefox" "--marionette" "-foreground" "-no-remote" "-profile" "/tmp/rust_mozprofileYJwbqc"
console.warn: SearchSettings: "get: No settings file exists, new profile?" (new Error("", "(unknown module)"))
JavaScript error: resource://activity-stream/lib/ASRouter.jsm, line 987: NS_ERROR_ILLEGAL_VALUE: Component returned failure code: 0x80070057 (NS_ERROR_ILLEGAL_VALUE) [nsIObserverService.removeObserver]
1614196302646	Marionette	INFO	Stopped listening on port 42479

###!!! [Parent][RunMessage] Error: Channel closing: too late to send/recv, messages will be lost

1614196302686	Marionette	INFO	Listening on port 46715
1614196302719	Marionette	WARN	TLS certificate errors will be ignored for this session
1614196302727	Marionette	ERROR	[18] No reply from Marionette:Register
console.warn: SearchSettings: "get: No settings file exists, new profile?" (new Error("", "(unknown module)"))
JavaScript error: resource://activity-stream/lib/ASRouter.jsm, line 987: NS_ERROR_ILLEGAL_VALUE: Component returned failure code: 0x80070057 (NS_ERROR_ILLEGAL_VALUE) [nsIObserverService.removeObserver]
1614196357535	Marionette	INFO	Stopped listening on port 46715

###!!! [Parent][RunMessage] Error: Channel closing: too late to send/recv, messages will be lost

1614196648182	geckodriver	INFO	Listening on 127.0.0.1:47003
1614196648184	mozrunner::runner	INFO	Running command: "/usr/bin/firefox" "--marionette" "-foreground" "-no-remote" "-profile" "/tmp/rust_mozprofileJhvcbQ"
console.warn: SearchSettings: "get: No settings file exists, new profile?" (new Error("", "(unknown module)"))
1614196653588	Marionette	INFO	Listening on port 40193
1614196653605	Marionette	WARN	TLS certificate errors will be ignored for this session
1614196653613	Marionette	ERROR	[15] No reply from Marionette:Register
console.warn: SearchSettings: "get: No settings file exists, new profile?" (new Error("", "(unknown module)"))
JavaScript error: resource://activity-stream/lib/ASRouter.jsm, line 987: NS_ERROR_ILLEGAL_VALUE: Component returned failure code: 0x80070057 (NS_ERROR_ILLEGAL_VALUE) [nsIObserverService.removeObserver]
1614196700779	Marionette	INFO	Stopped listening on port 40193

###!!! [Parent][RunMessage] Error: Channel closing: too late to send/recv, messages will be lost

1614196802341	geckodriver	INFO	Listening on 127.0.0.1:54633
1614196802343	mozrunner::runner	INFO	Running command: "/usr/bin/firefox" "--marionette" "-foreground" "-no-remote" "-profile" "/tmp/rust_mozprofilegLgn8M"
console.warn: SearchSettings: "get: No settings file exists, new profile?" (new Error("", "(unknown module)"))
1614196807801	Marionette	INFO	Listening on port 45235
1614196807862	Marionette	WARN	TLS certificate errors will be ignored for this session
1614196807870	Marionette	ERROR	[15] No reply from Marionette:Register
console.warn: SearchSettings: "get: No settings file exists, new profile?" (new Error("", "(unknown module)"))
JavaScript error: resource://activity-stream/lib/ASRouter.jsm, line 987: NS_ERROR_ILLEGAL_VALUE: Component returned failure code: 0x80070057 (NS_ERROR_ILLEGAL_VALUE) [nsIObserverService.removeObserver]
1614197093010	Marionette	INFO	Stopped listening on port 45235

###!!! [Parent][RunMessage] Error: Channel closing: too late to send/recv, messages will be lost

1614197096786	geckodriver	INFO	Listening on 127.0.0.1:56229
1614197096789	mozrunner::runner	INFO	Running command: "/usr/bin/firefox" "--marionette" "-foreground" "-no-remote" "-profile" "/tmp/rust_mozprofileG2afoN"
console.warn: SearchSettings: "get: No settings file exists, new profile?" (new Error("", "(unknown module)"))
1614197102459	Marionette	INFO	Listening on port 33223
1614197102506	Marionette	WARN	TLS certificate errors will be ignored for this session
1614197102514	Marionette	ERROR	[15] No reply from Marionette:Register
console.warn: SearchSettings: "get: No settings file exists, new profile?" (new Error("", "(unknown module)"))
JavaScript error: resource://activity-stream/lib/ASRouter.jsm, line 987: NS_ERROR_ILLEGAL_VALUE: Component returned failure code: 0x80070057 (NS_ERROR_ILLEGAL_VALUE) [nsIObserverService.removeObserver]
1614197231859	Marionette	INFO	Stopped listening on port 33223

###!!! [Parent][RunMessage] Error: Channel closing: too late to send/recv, messages will be lost

1614197232630	geckodriver	INFO	Listening on 127.0.0.1:51285
1614197232633	mozrunner::runner	INFO	Running command: "/usr/bin/firefox" "--marionette" "-foreground" "-no-remote" "-profile" "/tmp/rust_mozprofilesnJztq"
console.warn: SearchSettings: "get: No settings file exists, new profile?" (new Error("", "(unknown module)"))
1614197237920	Marionette	INFO	Listening on port 40451
1614197237951	Marionette	WARN	TLS certificate errors will be ignored for this session
1614197237958	Marionette	ERROR	[15] No reply from Marionette:Register
console.warn: SearchSettings: "get: No settings file exists, new profile?" (new Error("", "(unknown module)"))
JavaScript error: resource://activity-stream/lib/ASRouter.jsm, line 987: NS_ERROR_ILLEGAL_VALUE: Component returned failure code: 0x80070057 (NS_ERROR_ILLEGAL_VALUE) [nsIObserverService.removeObserver]
1614197420719	Marionette	INFO	Stopped listening on port 40451

###!!! [Parent][RunMessage] Error: Channel closing: too late to send/recv, messages will be lost

1614197422668	geckodriver	INFO	Listening on 127.0.0.1:53635
1614197422670	mozrunner::runner	INFO	Running command: "/usr/bin/firefox" "--marionette" "-foreground" "-no-remote" "-profile" "/tmp/rust_mozprofiled4hRJD"
console.warn: SearchSettings: "get: No settings file exists, new profile?" (new Error("", "(unknown module)"))
1614197428119	Marionette	INFO	Listening on port 43069
1614197428192	Marionette	WARN	TLS certificate errors will be ignored for this session
1614197428198	Marionette	ERROR	[15] No reply from Marionette:Register
console.warn: SearchSettings: "get: No settings file exists, new profile?" (new Error("", "(unknown module)"))
1614197778253	geckodriver	INFO	Listening on 127.0.0.1:46183
1614197778255	mozrunner::runner	INFO	Running command: "/usr/bin/firefox" "--marionette" "-foreground" "-no-remote" "-profile" "/tmp/rust_mozprofileav7aol"
JavaScript error: resource://activity-stream/lib/ASRouter.jsm, line 987: NS_ERROR_ILLEGAL_VALUE: Component returned failure code: 0x80070057 (NS_ERROR_ILLEGAL_VALUE) [nsIObserverService.removeObserver]
console.warn: SearchSettings: "get: No settings file exists, new profile?" (new Error("", "(unknown module)"))
1614197782650	Marionette	INFO	Stopped listening on port 43069

###!!! [Parent][RunMessage] Error: Channel closing: too late to send/recv, messages will be lost

1614197784455	Marionette	INFO	Listening on port 37047
1614197784476	Marionette	WARN	TLS certificate errors will be ignored for this session
1614197784483	Marionette	ERROR	[15] No reply from Marionette:Register
1614197786678	Marionette	WARN	Ignoring event 'pageshow' because document has an invalid readyState of 'uninitialized'.
console.warn: SearchSettings: "get: No settings file exists, new profile?" (new Error("", "(unknown module)"))
JavaScript error: resource://activity-stream/lib/ASRouter.jsm, line 987: NS_ERROR_ILLEGAL_VALUE: Component returned failure code: 0x80070057 (NS_ERROR_ILLEGAL_VALUE) [nsIObserverService.removeObserver]
1614197971311	Marionette	INFO	Stopped listening on port 37047

###!!! [Parent][RunMessage] Error: Channel closing: too late to send/recv, messages will be lost

1614197972648	geckodriver	INFO	Listening on 127.0.0.1:48683
1614197972651	mozrunner::runner	INFO	Running command: "/usr/bin/firefox" "--marionette" "-foreground" "-no-remote" "-profile" "/tmp/rust_mozprofile4U4503"
console.warn: SearchSettings: "get: No settings file exists, new profile?" (new Error("", "(unknown module)"))
1614197977967	Marionette	INFO	Listening on port 40347
1614197978068	Marionette	WARN	TLS certificate errors will be ignored for this session
1614197978079	Marionette	ERROR	[15] No reply from Marionette:Register
console.warn: SearchSettings: "get: No settings file exists, new profile?" (new Error("", "(unknown module)"))
JavaScript error: resource://activity-stream/lib/ASRouter.jsm, line 987: NS_ERROR_ILLEGAL_VALUE: Component returned failure code: 0x80070057 (NS_ERROR_ILLEGAL_VALUE) [nsIObserverService.removeObserver]
1614198050781	Marionette	INFO	Stopped listening on port 40347

###!!! [Parent][RunMessage] Error: Channel closing: too late to send/recv, messages will be lost

1614198101506	geckodriver	INFO	Listening on 127.0.0.1:42495
1614198101508	mozrunner::runner	INFO	Running command: "/usr/bin/firefox" "--marionette" "-foreground" "-no-remote" "-profile" "/tmp/rust_mozprofileQTgmBX"
console.warn: SearchSettings: "get: No settings file exists, new profile?" (new Error("", "(unknown module)"))
1614198107099	Marionette	INFO	Listening on port 46661
1614198107127	Marionette	WARN	TLS certificate errors will be ignored for this session
1614198107135	Marionette	ERROR	[15] No reply from Marionette:Register
console.warn: SearchSettings: "get: No settings file exists, new profile?" (new Error("", "(unknown module)"))
1614198126910	Marionette	ERROR	[2147483663] No reply from Marionette:Register
JavaScript error: resource://activity-stream/lib/ASRouter.jsm, line 987: NS_ERROR_ILLEGAL_VALUE: Component returned failure code: 0x80070057 (NS_ERROR_ILLEGAL_VALUE) [nsIObserverService.removeObserver]
1614198185864	Marionette	INFO	Stopped listening on port 46661

###!!! [Parent][RunMessage] Error: Channel closing: too late to send/recv, messages will be lost

1614198258997	geckodriver	INFO	Listening on 127.0.0.1:56717
1614198258999	mozrunner::runner	INFO	Running command: "/usr/bin/firefox" "--marionette" "-foreground" "-no-remote" "-profile" "/tmp/rust_mozprofileDR9Anh"
console.warn: SearchSettings: "get: No settings file exists, new profile?" (new Error("", "(unknown module)"))
1614198264411	Marionette	INFO	Listening on port 43131
1614198264517	Marionette	WARN	TLS certificate errors will be ignored for this session
1614198264523	Marionette	ERROR	[15] No reply from Marionette:Register
console.warn: SearchSettings: "get: No settings file exists, new profile?" (new Error("", "(unknown module)"))
JavaScript error: resource://activity-stream/lib/ASRouter.jsm, line 987: NS_ERROR_ILLEGAL_VALUE: Component returned failure code: 0x80070057 (NS_ERROR_ILLEGAL_VALUE) [nsIObserverService.removeObserver]
1614198472494	Marionette	INFO	Stopped listening on port 43131

###!!! [Parent][RunMessage] Error: Channel closing: too late to send/recv, messages will be lost

1614198554068	geckodriver	INFO	Listening on 127.0.0.1:52123
1614198554070	mozrunner::runner	INFO	Running command: "/usr/bin/firefox" "--marionette" "-foreground" "-no-remote" "-profile" "/tmp/rust_mozprofileb5A9qn"
console.warn: SearchSettings: "get: No settings file exists, new profile?" (new Error("", "(unknown module)"))
1614198559839	Marionette	INFO	Listening on port 33397
1614198559888	Marionette	WARN	TLS certificate errors will be ignored for this session
1614198559895	Marionette	ERROR	[15] No reply from Marionette:Register
console.warn: SearchSettings: "get: No settings file exists, new profile?" (new Error("", "(unknown module)"))
JavaScript error: resource://activity-stream/lib/ASRouter.jsm, line 987: NS_ERROR_ILLEGAL_VALUE: Component returned failure code: 0x80070057 (NS_ERROR_ILLEGAL_VALUE) [nsIObserverService.removeObserver]
1614198670697	Marionette	INFO	Stopped listening on port 33397

###!!! [Parent][RunMessage] Error: Channel closing: too late to send/recv, messages will be lost

1614198688241	geckodriver	INFO	Listening on 127.0.0.1:33591
1614198688243	mozrunner::runner	INFO	Running command: "/usr/bin/firefox" "--marionette" "-foreground" "-no-remote" "-profile" "/tmp/rust_mozprofilebU8hFu"
console.warn: SearchSettings: "get: No settings file exists, new profile?" (new Error("", "(unknown module)"))
1614198693600	Marionette	INFO	Listening on port 36587
1614198693665	Marionette	WARN	TLS certificate errors will be ignored for this session
1614198693672	Marionette	ERROR	[15] No reply from Marionette:Register
console.warn: SearchSettings: "get: No settings file exists, new profile?" (new Error("", "(unknown module)"))
console.log: WebExtensions: reset-default-search: No addons in our list are installed.
JavaScript error: resource://activity-stream/lib/ASRouter.jsm, line 987: NS_ERROR_ILLEGAL_VALUE: Component returned failure code: 0x80070057 (NS_ERROR_ILLEGAL_VALUE) [nsIObserverService.removeObserver]
1614200733919	Marionette	INFO	Stopped listening on port 36587

###!!! [Parent][RunMessage] Error: Channel closing: too late to send/recv, messages will be lost

1614200752370	geckodriver	INFO	Listening on 127.0.0.1:42189
1614200752372	mozrunner::runner	INFO	Running command: "/usr/bin/firefox" "--marionette" "-foreground" "-no-remote" "-profile" "/tmp/rust_mozprofileteKgKg"
console.warn: SearchSettings: "get: No settings file exists, new profile?" (new Error("", "(unknown module)"))
1614200757840	Marionette	INFO	Listening on port 42507
1614200757891	Marionette	WARN	TLS certificate errors will be ignored for this session
1614200757898	Marionette	ERROR	[15] No reply from Marionette:Register
JavaScript error: , line 0: NotFoundError: No such JSWindowActor 'MarionetteEvents'
console.warn: SearchSettings: "get: No settings file exists, new profile?" (new Error("", "(unknown module)"))
JavaScript error: https://coda.newjobs.com/Assets/MUX/CoreLpf20/2021.01.0.187/js/app.lpf20.bundle.js, line 26: TypeError: this is undefined
JavaScript error: https://coda.newjobs.com/Assets/MUX/CoreLpf20/2021.01.0.187/js/app.lpf20.bundle.js, line 26: TypeError: this is undefined
JavaScript error: https://coda.newjobs.com/Assets/MUX/CoreLpf20/2021.01.0.187/js/app.lpf20.bundle.js, line 26: TypeError: this is undefined
JavaScript error: https://coda.newjobs.com/Assets/MUX/CoreLpf20/2021.01.0.187/js/app.lpf20.bundle.js, line 26: TypeError: this is undefined
JavaScript error: https://coda.newjobs.com/Assets/MUX/CoreLpf20/2021.01.0.187/js/app.lpf20.bundle.js, line 26: TypeError: this is undefined
JavaScript error: https://coda.newjobs.com/Assets/MUX/CoreLpf20/2021.01.0.187/js/app.lpf20.bundle.js, line 26: TypeError: this is undefined
JavaScript error: https://coda.newjobs.com/Assets/MUX/CoreLpf20/2021.01.0.187/js/app.lpf20.bundle.js, line 26: TypeError: this is undefined
JavaScript error: https://coda.newjobs.com/Assets/MUX/CoreLpf20/2021.01.0.187/js/app.lpf20.bundle.js, line 26: TypeError: this is undefined
JavaScript error: https://coda.newjobs.com/Assets/MUX/CoreLpf20/2021.01.0.187/js/app.lpf20.bundle.js, line 26: TypeError: this is undefined
JavaScript error: https://coda.newjobs.com/Assets/MUX/CoreLpf20/2021.01.0.187/js/app.lpf20.bundle.js, line 26: TypeError: this is undefined
JavaScript error: https://coda.newjobs.com/Assets/MUX/CoreLpf20/2021.01.0.187/js/app.lpf20.bundle.js, line 26: TypeError: this is undefined
JavaScript error: https://coda.newjobs.com/Assets/MUX/CoreLpf20/2021.01.0.187/js/app.lpf20.bundle.js, line 26: TypeError: this is undefined
JavaScript error: https://coda.newjobs.com/Assets/MUX/CoreLpf20/2021.01.0.187/js/app.lpf20.bundle.js, line 26: TypeError: this is undefined
JavaScript error: resource://activity-stream/lib/ASRouter.jsm, line 987: NS_ERROR_ILLEGAL_VALUE: Component returned failure code: 0x80070057 (NS_ERROR_ILLEGAL_VALUE) [nsIObserverService.removeObserver]
1614200932374	Marionette	INFO	Stopped listening on port 42507
